[2023-02-12 16:49:52.344] [exthost] [info] Extension host with pid 174 started
[2023-02-12 16:49:52.377] [exthost] [info] Lock '/home/edujca/.vscode-server/data/User/workspaceStorage/dd6a54e69bea99895825a350612c4b94/vscode.lock': Lock acquired.
[2023-02-12 16:49:52.536] [exthost] [info] ExtensionService#_doActivateExtension vscode.debug-auto-launch, startup: true, activationEvent: '*'
[2023-02-12 16:49:52.538] [exthost] [info] ExtensionService#_doActivateExtension vscode.git-base, startup: true, activationEvent: '*'
[2023-02-12 16:49:52.539] [exthost] [info] ExtensionService#_doActivateExtension vscode.ipynb, startup: true, activationEvent: '*'
[2023-02-12 16:49:52.616] [exthost] [info] ExtensionService#_doActivateExtension vscode.github, startup: true, activationEvent: '*'
[2023-02-12 16:49:52.724] [exthost] [info] ExtensionService#_doActivateExtension vscode.emmet, startup: false, activationEvent: 'onStartupFinished'
[2023-02-12 16:49:52.725] [exthost] [info] ExtensionService#_doActivateExtension vscode.merge-conflict, startup: false, activationEvent: 'onStartupFinished'
[2023-02-12 16:49:52.726] [exthost] [info] Eager extensions activated
[2023-02-12 16:49:54.290] [exthost] [info] ExtensionService#_doActivateExtension vscode.git, startup: false, activationEvent: 'api', root cause: vscode.github
[2023-02-12 16:50:59.397] [exthost] [info] ExtensionService#_doActivateExtension formulahendry.code-runner, startup: false, activationEvent: 'onStartupFinished'
[2023-02-12 16:51:04.153] [exthost] [info] ExtensionService#_doActivateExtension streetsidesoftware.code-spell-checker, startup: false, activationEvent: 'onStartupFinished'
[2023-02-12 16:51:11.106] [exthost] [info] ExtensionService#_doActivateExtension eamodio.gitlens, startup: false, activationEvent: 'onStartupFinished'
[2023-02-12 16:51:13.194] [exthost] [info] ExtensionService#_doActivateExtension oderwat.indent-rainbow, startup: false, activationEvent: '*'
[2023-02-12 16:51:23.665] [exthost] [info] ExtensionService#_doActivateExtension tungvn.wordpress-snippet, startup: false, activationEvent: '*'
[2023-02-12 16:51:25.140] [exthost] [info] ExtensionService#_doActivateExtension streetsidesoftware.code-spell-checker-spanish, startup: false, activationEvent: 'onStartupFinished'
[2023-02-12 16:51:34.233] [exthost] [info] ExtensionService#_doActivateExtension vscode.npm, startup: false, activationEvent: 'onStartupFinished', root cause: esbenp.prettier-vscode
[2023-02-12 16:51:34.397] [exthost] [info] ExtensionService#_doActivateExtension esbenp.prettier-vscode, startup: false, activationEvent: 'onStartupFinished'
[2023-02-12 16:51:45.374] [exthost] [info] ExtensionService#_doActivateExtension christian-kohler.path-intellisense, startup: false, activationEvent: '*'
[2023-02-12 16:51:49.960] [exthost] [info] ExtensionService#_doActivateExtension ritwickdey.LiveServer, startup: false, activationEvent: 'onStartupFinished'
[2023-02-12 16:52:13.580] [exthost] [info] Extension host terminating: received terminate message from renderer
[2023-02-12 16:52:13.582] [exthost] [info] Lock '/home/edujca/.vscode-server/data/User/workspaceStorage/dd6a54e69bea99895825a350612c4b94/vscode.lock': Marking the lockfile as scheduled to be released in 6000 ms.
[2023-02-12 16:52:13.668] [exthost] [info] Extension host with pid 174 exiting with code 0
