2023-07-27 22:30:49.633 [info] Extension host with pid 505 started
2023-07-27 22:30:49.767 [info] ExtensionService#_doActivateExtension vscode.emmet, startup: false, activationEvent: 'onLanguage'
2023-07-27 22:30:49.769 [info] ExtensionService#_doActivateExtension formulahendry.code-runner, startup: false, activationEvent: 'onLanguage:code-runner-output'
2023-07-27 22:30:49.770 [info] ExtensionService#_doActivateExtension vscode.git-base, startup: true, activationEvent: '*', root cause: vscode.git
2023-07-27 22:30:49.770 [info] ExtensionService#_doActivateExtension christian-kohler.path-intellisense, startup: true, activationEvent: '*'
2023-07-27 22:30:49.771 [info] ExtensionService#_doActivateExtension oderwat.indent-rainbow, startup: true, activationEvent: '*'
2023-07-27 22:30:49.771 [info] ExtensionService#_doActivateExtension tungvn.wordpress-snippet, startup: true, activationEvent: '*'
2023-07-27 22:30:49.926 [info] Lock '/home/edujca/.vscode-server/data/User/workspaceStorage/dd6a54e69bea99895825a350612c4b94/vscode.lock': Lock acquired.
2023-07-27 22:30:50.194 [info] ExtensionService#_doActivateExtension vscode.git, startup: true, activationEvent: '*'
2023-07-27 22:30:50.195 [info] ExtensionService#_doActivateExtension vscode.github, startup: true, activationEvent: '*'
2023-07-27 22:30:50.473 [info] ExtensionService#_doActivateExtension vscode.debug-auto-launch, startup: false, activationEvent: 'onStartupFinished'
2023-07-27 22:30:50.474 [info] ExtensionService#_doActivateExtension vscode.merge-conflict, startup: false, activationEvent: 'onStartupFinished'
2023-07-27 22:30:50.475 [info] ExtensionService#_doActivateExtension eamodio.gitlens, startup: false, activationEvent: 'onStartupFinished'
2023-07-27 22:30:50.475 [info] ExtensionService#_doActivateExtension esbenp.prettier-vscode, startup: false, activationEvent: 'onStartupFinished'
2023-07-27 22:30:50.476 [info] ExtensionService#_doActivateExtension ritwickdey.LiveServer, startup: false, activationEvent: 'onStartupFinished'
2023-07-27 22:30:50.476 [info] ExtensionService#_doActivateExtension streetsidesoftware.code-spell-checker, startup: false, activationEvent: 'onStartupFinished'
2023-07-27 22:30:50.477 [info] Eager extensions activated
2023-07-27 22:30:51.825 [info] ExtensionService#_doActivateExtension streetsidesoftware.code-spell-checker-spanish, startup: false, activationEvent: 'onStartupFinished'
2023-07-27 22:38:13.009 [info] ExtensionService#_doActivateExtension vscode.configuration-editing, startup: false, activationEvent: 'onLanguage:json'
2023-07-27 22:38:13.009 [info] ExtensionService#_doActivateExtension vscode.extension-editing, startup: false, activationEvent: 'onLanguage:json'
2023-07-27 22:38:13.010 [info] ExtensionService#_doActivateExtension vscode.json-language-features, startup: false, activationEvent: 'onLanguage:json'
2023-07-27 22:38:13.011 [info] ExtensionService#_doActivateExtension vscode.npm, startup: false, activationEvent: 'onLanguage:json'
2023-07-27 22:38:13.011 [info] ExtensionService#_doActivateExtension DEVSENSE.composer-php-vscode, startup: false, activationEvent: 'onLanguage:json'
2023-07-27 22:38:13.804 [info] Extension host terminating: received terminate message from renderer
2023-07-27 22:38:13.805 [info] Lock '/home/edujca/.vscode-server/data/User/workspaceStorage/dd6a54e69bea99895825a350612c4b94/vscode.lock': Marking the lockfile as scheduled to be released in 6000 ms.
2023-07-27 22:38:13.901 [error] Canceled: Canceled
	at new u (/home/edujca/.vscode-server/bin/441438abd1ac652551dbe4d408dfcec8a499b8bf/out/vs/workbench/api/node/extensionHostProcess.js:96:88070)
	at l.O (/home/edujca/.vscode-server/bin/441438abd1ac652551dbe4d408dfcec8a499b8bf/out/vs/workbench/api/node/extensionHostProcess.js:106:11276)
	at Proxy.V.<computed>.M.charCodeAt.V.<computed> (/home/edujca/.vscode-server/bin/441438abd1ac652551dbe4d408dfcec8a499b8bf/out/vs/workbench/api/node/extensionHostProcess.js:106:8557)
	at s.g (/home/edujca/.vscode-server/bin/441438abd1ac652551dbe4d408dfcec8a499b8bf/out/vs/workbench/api/node/extensionHostProcess.js:96:107430)
	at s.executeCommand (/home/edujca/.vscode-server/bin/441438abd1ac652551dbe4d408dfcec8a499b8bf/out/vs/workbench/api/node/extensionHostProcess.js:96:106806)
	at w.registerCommand.description (/home/edujca/.vscode-server/bin/441438abd1ac652551dbe4d408dfcec8a499b8bf/out/vs/workbench/api/node/extensionHostProcess.js:96:106099)
	at s.h (/home/edujca/.vscode-server/bin/441438abd1ac652551dbe4d408dfcec8a499b8bf/out/vs/workbench/api/node/extensionHostProcess.js:96:108016)
	at s.g (/home/edujca/.vscode-server/bin/441438abd1ac652551dbe4d408dfcec8a499b8bf/out/vs/workbench/api/node/extensionHostProcess.js:96:106906)
	at s.executeCommand (/home/edujca/.vscode-server/bin/441438abd1ac652551dbe4d408dfcec8a499b8bf/out/vs/workbench/api/node/extensionHostProcess.js:96:106806)
	at Object.executeCommand (/home/edujca/.vscode-server/bin/441438abd1ac652551dbe4d408dfcec8a499b8bf/out/vs/workbench/api/node/extensionHostProcess.js:117:30778)
	at g (/home/edujca/.vscode-server/extensions/eamodio.gitlens-13.5.0/dist/gitlens.js:1:868197)
	at c (/home/edujca/.vscode-server/extensions/eamodio.gitlens-13.5.0/dist/gitlens.js:1:608636)
	at ActionRunners._updateContextKeys (/home/edujca/.vscode-server/extensions/eamodio.gitlens-13.5.0/dist/gitlens.js:1:37504)
	at s (/home/edujca/.vscode-server/extensions/eamodio.gitlens-13.5.0/dist/gitlens.js:1:35923)
	at RegisteredActionRunner.unregister (/home/edujca/.vscode-server/extensions/eamodio.gitlens-13.5.0/dist/gitlens.js:1:36067)
	at RegisteredActionRunner.dispose (/home/edujca/.vscode-server/extensions/eamodio.gitlens-13.5.0/dist/gitlens.js:1:34732)
	at ActionRunners.dispose (/home/edujca/.vscode-server/extensions/eamodio.gitlens-13.5.0/dist/gitlens.js:1:35509)
	at T (/home/edujca/.vscode-server/bin/441438abd1ac652551dbe4d408dfcec8a499b8bf/out/vs/workbench/api/node/extensionHostProcess.js:10:12072)
	at f.X (/home/edujca/.vscode-server/bin/441438abd1ac652551dbe4d408dfcec8a499b8bf/out/vs/workbench/api/node/extensionHostProcess.js:108:11242)
	at /home/edujca/.vscode-server/bin/441438abd1ac652551dbe4d408dfcec8a499b8bf/out/vs/workbench/api/node/extensionHostProcess.js:108:9037
	at Array.map (<anonymous>)
	at f.Q (/home/edujca/.vscode-server/bin/441438abd1ac652551dbe4d408dfcec8a499b8bf/out/vs/workbench/api/node/extensionHostProcess.js:108:9024)
	at f.terminate (/home/edujca/.vscode-server/bin/441438abd1ac652551dbe4d408dfcec8a499b8bf/out/vs/workbench/api/node/extensionHostProcess.js:108:9298)
	at h.terminate (/home/edujca/.vscode-server/bin/441438abd1ac652551dbe4d408dfcec8a499b8bf/out/vs/workbench/api/node/extensionHostProcess.js:112:1397)
	at p (/home/edujca/.vscode-server/bin/441438abd1ac652551dbe4d408dfcec8a499b8bf/out/vs/workbench/api/node/extensionHostProcess.js:122:17851)
	at /home/edujca/.vscode-server/bin/441438abd1ac652551dbe4d408dfcec8a499b8bf/out/vs/workbench/api/node/extensionHostProcess.js:122:15761
	at f.invoke (/home/edujca/.vscode-server/bin/441438abd1ac652551dbe4d408dfcec8a499b8bf/out/vs/workbench/api/node/extensionHostProcess.js:63:145)
	at g.deliver (/home/edujca/.vscode-server/bin/441438abd1ac652551dbe4d408dfcec8a499b8bf/out/vs/workbench/api/node/extensionHostProcess.js:63:2029)
	at d.fire (/home/edujca/.vscode-server/bin/441438abd1ac652551dbe4d408dfcec8a499b8bf/out/vs/workbench/api/node/extensionHostProcess.js:63:1667)
	at p.fire (/home/edujca/.vscode-server/bin/441438abd1ac652551dbe4d408dfcec8a499b8bf/out/vs/workbench/api/node/extensionHostProcess.js:72:14861)
	at t.E (/home/edujca/.vscode-server/bin/441438abd1ac652551dbe4d408dfcec8a499b8bf/out/vs/workbench/api/node/extensionHostProcess.js:72:18927)
	at /home/edujca/.vscode-server/bin/441438abd1ac652551dbe4d408dfcec8a499b8bf/out/vs/workbench/api/node/extensionHostProcess.js:72:16915
	at f.invoke (/home/edujca/.vscode-server/bin/441438abd1ac652551dbe4d408dfcec8a499b8bf/out/vs/workbench/api/node/extensionHostProcess.js:63:145)
	at g.deliver (/home/edujca/.vscode-server/bin/441438abd1ac652551dbe4d408dfcec8a499b8bf/out/vs/workbench/api/node/extensionHostProcess.js:63:2029)
	at d.fire (/home/edujca/.vscode-server/bin/441438abd1ac652551dbe4d408dfcec8a499b8bf/out/vs/workbench/api/node/extensionHostProcess.js:63:1667)
	at h.acceptChunk (/home/edujca/.vscode-server/bin/441438abd1ac652551dbe4d408dfcec8a499b8bf/out/vs/workbench/api/node/extensionHostProcess.js:72:12592)
	at /home/edujca/.vscode-server/bin/441438abd1ac652551dbe4d408dfcec8a499b8bf/out/vs/workbench/api/node/extensionHostProcess.js:72:11879
	at f.invoke (/home/edujca/.vscode-server/bin/441438abd1ac652551dbe4d408dfcec8a499b8bf/out/vs/workbench/api/node/extensionHostProcess.js:63:145)
	at g.deliver (/home/edujca/.vscode-server/bin/441438abd1ac652551dbe4d408dfcec8a499b8bf/out/vs/workbench/api/node/extensionHostProcess.js:63:2029)
	at d.fire (/home/edujca/.vscode-server/bin/441438abd1ac652551dbe4d408dfcec8a499b8bf/out/vs/workbench/api/node/extensionHostProcess.js:63:1667)
	at d.t (/home/edujca/.vscode-server/bin/441438abd1ac652551dbe4d408dfcec8a499b8bf/out/vs/workbench/api/node/extensionHostProcess.js:72:28538)
	at d.acceptFrame (/home/edujca/.vscode-server/bin/441438abd1ac652551dbe4d408dfcec8a499b8bf/out/vs/workbench/api/node/extensionHostProcess.js:72:28344)
	at f.l (/home/edujca/.vscode-server/bin/441438abd1ac652551dbe4d408dfcec8a499b8bf/out/vs/workbench/api/node/extensionHostProcess.js:72:27009)
	at /home/edujca/.vscode-server/bin/441438abd1ac652551dbe4d408dfcec8a499b8bf/out/vs/workbench/api/node/extensionHostProcess.js:72:24515
	at Socket.t (/home/edujca/.vscode-server/bin/441438abd1ac652551dbe4d408dfcec8a499b8bf/out/vs/workbench/api/node/extensionHostProcess.js:72:22415)
	at Socket.emit (node:events:526:28)
	at addChunk (node:internal/streams/readable:315:12)
	at readableAddChunk (node:internal/streams/readable:289:9)
	at Socket.Readable.push (node:internal/streams/readable:228:10)
	at TCP.onStreamRead (node:internal/stream_base_commons:190:23) setContext undefined
2023-07-27 22:38:13.901 [error] Canceled: Canceled
	at new u (/home/edujca/.vscode-server/bin/441438abd1ac652551dbe4d408dfcec8a499b8bf/out/vs/workbench/api/node/extensionHostProcess.js:96:88070)
	at l.O (/home/edujca/.vscode-server/bin/441438abd1ac652551dbe4d408dfcec8a499b8bf/out/vs/workbench/api/node/extensionHostProcess.js:106:11276)
	at Proxy.V.<computed>.M.charCodeAt.V.<computed> (/home/edujca/.vscode-server/bin/441438abd1ac652551dbe4d408dfcec8a499b8bf/out/vs/workbench/api/node/extensionHostProcess.js:106:8557)
	at s.g (/home/edujca/.vscode-server/bin/441438abd1ac652551dbe4d408dfcec8a499b8bf/out/vs/workbench/api/node/extensionHostProcess.js:96:107430)
	at s.executeCommand (/home/edujca/.vscode-server/bin/441438abd1ac652551dbe4d408dfcec8a499b8bf/out/vs/workbench/api/node/extensionHostProcess.js:96:106806)
	at w.registerCommand.description (/home/edujca/.vscode-server/bin/441438abd1ac652551dbe4d408dfcec8a499b8bf/out/vs/workbench/api/node/extensionHostProcess.js:96:106099)
	at s.h (/home/edujca/.vscode-server/bin/441438abd1ac652551dbe4d408dfcec8a499b8bf/out/vs/workbench/api/node/extensionHostProcess.js:96:108016)
	at s.g (/home/edujca/.vscode-server/bin/441438abd1ac652551dbe4d408dfcec8a499b8bf/out/vs/workbench/api/node/extensionHostProcess.js:96:106906)
	at s.executeCommand (/home/edujca/.vscode-server/bin/441438abd1ac652551dbe4d408dfcec8a499b8bf/out/vs/workbench/api/node/extensionHostProcess.js:96:106806)
	at Object.executeCommand (/home/edujca/.vscode-server/bin/441438abd1ac652551dbe4d408dfcec8a499b8bf/out/vs/workbench/api/node/extensionHostProcess.js:117:30778)
	at g (/home/edujca/.vscode-server/extensions/eamodio.gitlens-13.5.0/dist/gitlens.js:1:868197)
	at c (/home/edujca/.vscode-server/extensions/eamodio.gitlens-13.5.0/dist/gitlens.js:1:608636)
	at ActionRunners._updateContextKeys (/home/edujca/.vscode-server/extensions/eamodio.gitlens-13.5.0/dist/gitlens.js:1:37504)
	at s (/home/edujca/.vscode-server/extensions/eamodio.gitlens-13.5.0/dist/gitlens.js:1:35923)
	at RegisteredActionRunner.unregister (/home/edujca/.vscode-server/extensions/eamodio.gitlens-13.5.0/dist/gitlens.js:1:36067)
	at RegisteredActionRunner.dispose (/home/edujca/.vscode-server/extensions/eamodio.gitlens-13.5.0/dist/gitlens.js:1:34732)
	at ActionRunners.dispose (/home/edujca/.vscode-server/extensions/eamodio.gitlens-13.5.0/dist/gitlens.js:1:35509)
	at T (/home/edujca/.vscode-server/bin/441438abd1ac652551dbe4d408dfcec8a499b8bf/out/vs/workbench/api/node/extensionHostProcess.js:10:12072)
	at f.X (/home/edujca/.vscode-server/bin/441438abd1ac652551dbe4d408dfcec8a499b8bf/out/vs/workbench/api/node/extensionHostProcess.js:108:11242)
	at /home/edujca/.vscode-server/bin/441438abd1ac652551dbe4d408dfcec8a499b8bf/out/vs/workbench/api/node/extensionHostProcess.js:108:9037
	at Array.map (<anonymous>)
	at f.Q (/home/edujca/.vscode-server/bin/441438abd1ac652551dbe4d408dfcec8a499b8bf/out/vs/workbench/api/node/extensionHostProcess.js:108:9024)
	at f.terminate (/home/edujca/.vscode-server/bin/441438abd1ac652551dbe4d408dfcec8a499b8bf/out/vs/workbench/api/node/extensionHostProcess.js:108:9298)
	at h.terminate (/home/edujca/.vscode-server/bin/441438abd1ac652551dbe4d408dfcec8a499b8bf/out/vs/workbench/api/node/extensionHostProcess.js:112:1397)
	at p (/home/edujca/.vscode-server/bin/441438abd1ac652551dbe4d408dfcec8a499b8bf/out/vs/workbench/api/node/extensionHostProcess.js:122:17851)
	at /home/edujca/.vscode-server/bin/441438abd1ac652551dbe4d408dfcec8a499b8bf/out/vs/workbench/api/node/extensionHostProcess.js:122:15761
	at f.invoke (/home/edujca/.vscode-server/bin/441438abd1ac652551dbe4d408dfcec8a499b8bf/out/vs/workbench/api/node/extensionHostProcess.js:63:145)
	at g.deliver (/home/edujca/.vscode-server/bin/441438abd1ac652551dbe4d408dfcec8a499b8bf/out/vs/workbench/api/node/extensionHostProcess.js:63:2029)
	at d.fire (/home/edujca/.vscode-server/bin/441438abd1ac652551dbe4d408dfcec8a499b8bf/out/vs/workbench/api/node/extensionHostProcess.js:63:1667)
	at p.fire (/home/edujca/.vscode-server/bin/441438abd1ac652551dbe4d408dfcec8a499b8bf/out/vs/workbench/api/node/extensionHostProcess.js:72:14861)
	at t.E (/home/edujca/.vscode-server/bin/441438abd1ac652551dbe4d408dfcec8a499b8bf/out/vs/workbench/api/node/extensionHostProcess.js:72:18927)
	at /home/edujca/.vscode-server/bin/441438abd1ac652551dbe4d408dfcec8a499b8bf/out/vs/workbench/api/node/extensionHostProcess.js:72:16915
	at f.invoke (/home/edujca/.vscode-server/bin/441438abd1ac652551dbe4d408dfcec8a499b8bf/out/vs/workbench/api/node/extensionHostProcess.js:63:145)
	at g.deliver (/home/edujca/.vscode-server/bin/441438abd1ac652551dbe4d408dfcec8a499b8bf/out/vs/workbench/api/node/extensionHostProcess.js:63:2029)
	at d.fire (/home/edujca/.vscode-server/bin/441438abd1ac652551dbe4d408dfcec8a499b8bf/out/vs/workbench/api/node/extensionHostProcess.js:63:1667)
	at h.acceptChunk (/home/edujca/.vscode-server/bin/441438abd1ac652551dbe4d408dfcec8a499b8bf/out/vs/workbench/api/node/extensionHostProcess.js:72:12592)
	at /home/edujca/.vscode-server/bin/441438abd1ac652551dbe4d408dfcec8a499b8bf/out/vs/workbench/api/node/extensionHostProcess.js:72:11879
	at f.invoke (/home/edujca/.vscode-server/bin/441438abd1ac652551dbe4d408dfcec8a499b8bf/out/vs/workbench/api/node/extensionHostProcess.js:63:145)
	at g.deliver (/home/edujca/.vscode-server/bin/441438abd1ac652551dbe4d408dfcec8a499b8bf/out/vs/workbench/api/node/extensionHostProcess.js:63:2029)
	at d.fire (/home/edujca/.vscode-server/bin/441438abd1ac652551dbe4d408dfcec8a499b8bf/out/vs/workbench/api/node/extensionHostProcess.js:63:1667)
	at d.t (/home/edujca/.vscode-server/bin/441438abd1ac652551dbe4d408dfcec8a499b8bf/out/vs/workbench/api/node/extensionHostProcess.js:72:28538)
	at d.acceptFrame (/home/edujca/.vscode-server/bin/441438abd1ac652551dbe4d408dfcec8a499b8bf/out/vs/workbench/api/node/extensionHostProcess.js:72:28344)
	at f.l (/home/edujca/.vscode-server/bin/441438abd1ac652551dbe4d408dfcec8a499b8bf/out/vs/workbench/api/node/extensionHostProcess.js:72:27009)
	at /home/edujca/.vscode-server/bin/441438abd1ac652551dbe4d408dfcec8a499b8bf/out/vs/workbench/api/node/extensionHostProcess.js:72:24515
	at Socket.t (/home/edujca/.vscode-server/bin/441438abd1ac652551dbe4d408dfcec8a499b8bf/out/vs/workbench/api/node/extensionHostProcess.js:72:22415)
	at Socket.emit (node:events:526:28)
	at addChunk (node:internal/streams/readable:315:12)
	at readableAddChunk (node:internal/streams/readable:289:9)
	at Socket.Readable.push (node:internal/streams/readable:228:10)
	at TCP.onStreamRead (node:internal/stream_base_commons:190:23) setContext undefined
2023-07-27 22:38:13.902 [error] Canceled: Canceled
	at new u (/home/edujca/.vscode-server/bin/441438abd1ac652551dbe4d408dfcec8a499b8bf/out/vs/workbench/api/node/extensionHostProcess.js:96:88070)
	at l.O (/home/edujca/.vscode-server/bin/441438abd1ac652551dbe4d408dfcec8a499b8bf/out/vs/workbench/api/node/extensionHostProcess.js:106:11276)
	at Proxy.V.<computed>.M.charCodeAt.V.<computed> (/home/edujca/.vscode-server/bin/441438abd1ac652551dbe4d408dfcec8a499b8bf/out/vs/workbench/api/node/extensionHostProcess.js:106:8557)
	at s.g (/home/edujca/.vscode-server/bin/441438abd1ac652551dbe4d408dfcec8a499b8bf/out/vs/workbench/api/node/extensionHostProcess.js:96:107430)
	at s.executeCommand (/home/edujca/.vscode-server/bin/441438abd1ac652551dbe4d408dfcec8a499b8bf/out/vs/workbench/api/node/extensionHostProcess.js:96:106806)
	at w.registerCommand.description (/home/edujca/.vscode-server/bin/441438abd1ac652551dbe4d408dfcec8a499b8bf/out/vs/workbench/api/node/extensionHostProcess.js:96:106099)
	at s.h (/home/edujca/.vscode-server/bin/441438abd1ac652551dbe4d408dfcec8a499b8bf/out/vs/workbench/api/node/extensionHostProcess.js:96:108016)
	at s.g (/home/edujca/.vscode-server/bin/441438abd1ac652551dbe4d408dfcec8a499b8bf/out/vs/workbench/api/node/extensionHostProcess.js:96:106906)
	at s.executeCommand (/home/edujca/.vscode-server/bin/441438abd1ac652551dbe4d408dfcec8a499b8bf/out/vs/workbench/api/node/extensionHostProcess.js:96:106806)
	at Object.executeCommand (/home/edujca/.vscode-server/bin/441438abd1ac652551dbe4d408dfcec8a499b8bf/out/vs/workbench/api/node/extensionHostProcess.js:117:30778)
	at g (/home/edujca/.vscode-server/extensions/eamodio.gitlens-13.5.0/dist/gitlens.js:1:868197)
	at c (/home/edujca/.vscode-server/extensions/eamodio.gitlens-13.5.0/dist/gitlens.js:1:608636)
	at ActionRunners._updateContextKeys (/home/edujca/.vscode-server/extensions/eamodio.gitlens-13.5.0/dist/gitlens.js:1:37504)
	at s (/home/edujca/.vscode-server/extensions/eamodio.gitlens-13.5.0/dist/gitlens.js:1:35923)
	at RegisteredActionRunner.unregister (/home/edujca/.vscode-server/extensions/eamodio.gitlens-13.5.0/dist/gitlens.js:1:36067)
	at RegisteredActionRunner.dispose (/home/edujca/.vscode-server/extensions/eamodio.gitlens-13.5.0/dist/gitlens.js:1:34732)
	at ActionRunners.dispose (/home/edujca/.vscode-server/extensions/eamodio.gitlens-13.5.0/dist/gitlens.js:1:35509)
	at T (/home/edujca/.vscode-server/bin/441438abd1ac652551dbe4d408dfcec8a499b8bf/out/vs/workbench/api/node/extensionHostProcess.js:10:12072)
	at f.X (/home/edujca/.vscode-server/bin/441438abd1ac652551dbe4d408dfcec8a499b8bf/out/vs/workbench/api/node/extensionHostProcess.js:108:11242)
	at /home/edujca/.vscode-server/bin/441438abd1ac652551dbe4d408dfcec8a499b8bf/out/vs/workbench/api/node/extensionHostProcess.js:108:9037
	at Array.map (<anonymous>)
	at f.Q (/home/edujca/.vscode-server/bin/441438abd1ac652551dbe4d408dfcec8a499b8bf/out/vs/workbench/api/node/extensionHostProcess.js:108:9024)
	at f.terminate (/home/edujca/.vscode-server/bin/441438abd1ac652551dbe4d408dfcec8a499b8bf/out/vs/workbench/api/node/extensionHostProcess.js:108:9298)
	at h.terminate (/home/edujca/.vscode-server/bin/441438abd1ac652551dbe4d408dfcec8a499b8bf/out/vs/workbench/api/node/extensionHostProcess.js:112:1397)
	at p (/home/edujca/.vscode-server/bin/441438abd1ac652551dbe4d408dfcec8a499b8bf/out/vs/workbench/api/node/extensionHostProcess.js:122:17851)
	at /home/edujca/.vscode-server/bin/441438abd1ac652551dbe4d408dfcec8a499b8bf/out/vs/workbench/api/node/extensionHostProcess.js:122:15761
	at f.invoke (/home/edujca/.vscode-server/bin/441438abd1ac652551dbe4d408dfcec8a499b8bf/out/vs/workbench/api/node/extensionHostProcess.js:63:145)
	at g.deliver (/home/edujca/.vscode-server/bin/441438abd1ac652551dbe4d408dfcec8a499b8bf/out/vs/workbench/api/node/extensionHostProcess.js:63:2029)
	at d.fire (/home/edujca/.vscode-server/bin/441438abd1ac652551dbe4d408dfcec8a499b8bf/out/vs/workbench/api/node/extensionHostProcess.js:63:1667)
	at p.fire (/home/edujca/.vscode-server/bin/441438abd1ac652551dbe4d408dfcec8a499b8bf/out/vs/workbench/api/node/extensionHostProcess.js:72:14861)
	at t.E (/home/edujca/.vscode-server/bin/441438abd1ac652551dbe4d408dfcec8a499b8bf/out/vs/workbench/api/node/extensionHostProcess.js:72:18927)
	at /home/edujca/.vscode-server/bin/441438abd1ac652551dbe4d408dfcec8a499b8bf/out/vs/workbench/api/node/extensionHostProcess.js:72:16915
	at f.invoke (/home/edujca/.vscode-server/bin/441438abd1ac652551dbe4d408dfcec8a499b8bf/out/vs/workbench/api/node/extensionHostProcess.js:63:145)
	at g.deliver (/home/edujca/.vscode-server/bin/441438abd1ac652551dbe4d408dfcec8a499b8bf/out/vs/workbench/api/node/extensionHostProcess.js:63:2029)
	at d.fire (/home/edujca/.vscode-server/bin/441438abd1ac652551dbe4d408dfcec8a499b8bf/out/vs/workbench/api/node/extensionHostProcess.js:63:1667)
	at h.acceptChunk (/home/edujca/.vscode-server/bin/441438abd1ac652551dbe4d408dfcec8a499b8bf/out/vs/workbench/api/node/extensionHostProcess.js:72:12592)
	at /home/edujca/.vscode-server/bin/441438abd1ac652551dbe4d408dfcec8a499b8bf/out/vs/workbench/api/node/extensionHostProcess.js:72:11879
	at f.invoke (/home/edujca/.vscode-server/bin/441438abd1ac652551dbe4d408dfcec8a499b8bf/out/vs/workbench/api/node/extensionHostProcess.js:63:145)
	at g.deliver (/home/edujca/.vscode-server/bin/441438abd1ac652551dbe4d408dfcec8a499b8bf/out/vs/workbench/api/node/extensionHostProcess.js:63:2029)
	at d.fire (/home/edujca/.vscode-server/bin/441438abd1ac652551dbe4d408dfcec8a499b8bf/out/vs/workbench/api/node/extensionHostProcess.js:63:1667)
	at d.t (/home/edujca/.vscode-server/bin/441438abd1ac652551dbe4d408dfcec8a499b8bf/out/vs/workbench/api/node/extensionHostProcess.js:72:28538)
	at d.acceptFrame (/home/edujca/.vscode-server/bin/441438abd1ac652551dbe4d408dfcec8a499b8bf/out/vs/workbench/api/node/extensionHostProcess.js:72:28344)
	at f.l (/home/edujca/.vscode-server/bin/441438abd1ac652551dbe4d408dfcec8a499b8bf/out/vs/workbench/api/node/extensionHostProcess.js:72:27009)
	at /home/edujca/.vscode-server/bin/441438abd1ac652551dbe4d408dfcec8a499b8bf/out/vs/workbench/api/node/extensionHostProcess.js:72:24515
	at Socket.t (/home/edujca/.vscode-server/bin/441438abd1ac652551dbe4d408dfcec8a499b8bf/out/vs/workbench/api/node/extensionHostProcess.js:72:22415)
	at Socket.emit (node:events:526:28)
	at addChunk (node:internal/streams/readable:315:12)
	at readableAddChunk (node:internal/streams/readable:289:9)
	at Socket.Readable.push (node:internal/streams/readable:228:10)
	at TCP.onStreamRead (node:internal/stream_base_commons:190:23) setContext undefined
2023-07-27 22:38:13.903 [error] Canceled: Canceled
	at new u (/home/edujca/.vscode-server/bin/441438abd1ac652551dbe4d408dfcec8a499b8bf/out/vs/workbench/api/node/extensionHostProcess.js:96:88070)
	at l.O (/home/edujca/.vscode-server/bin/441438abd1ac652551dbe4d408dfcec8a499b8bf/out/vs/workbench/api/node/extensionHostProcess.js:106:11276)
	at Proxy.V.<computed>.M.charCodeAt.V.<computed> (/home/edujca/.vscode-server/bin/441438abd1ac652551dbe4d408dfcec8a499b8bf/out/vs/workbench/api/node/extensionHostProcess.js:106:8557)
	at s.g (/home/edujca/.vscode-server/bin/441438abd1ac652551dbe4d408dfcec8a499b8bf/out/vs/workbench/api/node/extensionHostProcess.js:96:107430)
	at s.executeCommand (/home/edujca/.vscode-server/bin/441438abd1ac652551dbe4d408dfcec8a499b8bf/out/vs/workbench/api/node/extensionHostProcess.js:96:106806)
	at w.registerCommand.description (/home/edujca/.vscode-server/bin/441438abd1ac652551dbe4d408dfcec8a499b8bf/out/vs/workbench/api/node/extensionHostProcess.js:96:106099)
	at s.h (/home/edujca/.vscode-server/bin/441438abd1ac652551dbe4d408dfcec8a499b8bf/out/vs/workbench/api/node/extensionHostProcess.js:96:108016)
	at s.g (/home/edujca/.vscode-server/bin/441438abd1ac652551dbe4d408dfcec8a499b8bf/out/vs/workbench/api/node/extensionHostProcess.js:96:106906)
	at s.executeCommand (/home/edujca/.vscode-server/bin/441438abd1ac652551dbe4d408dfcec8a499b8bf/out/vs/workbench/api/node/extensionHostProcess.js:96:106806)
	at Object.executeCommand (/home/edujca/.vscode-server/bin/441438abd1ac652551dbe4d408dfcec8a499b8bf/out/vs/workbench/api/node/extensionHostProcess.js:117:30778)
	at g (/home/edujca/.vscode-server/extensions/eamodio.gitlens-13.5.0/dist/gitlens.js:1:868197)
	at c (/home/edujca/.vscode-server/extensions/eamodio.gitlens-13.5.0/dist/gitlens.js:1:608636)
	at ActionRunners._updateContextKeys (/home/edujca/.vscode-server/extensions/eamodio.gitlens-13.5.0/dist/gitlens.js:1:37504)
	at s (/home/edujca/.vscode-server/extensions/eamodio.gitlens-13.5.0/dist/gitlens.js:1:35923)
	at RegisteredActionRunner.unregister (/home/edujca/.vscode-server/extensions/eamodio.gitlens-13.5.0/dist/gitlens.js:1:36067)
	at RegisteredActionRunner.dispose (/home/edujca/.vscode-server/extensions/eamodio.gitlens-13.5.0/dist/gitlens.js:1:34732)
	at Object.dispose (/home/edujca/.vscode-server/extensions/eamodio.gitlens-13.5.0/dist/gitlens.js:1:36164)
	at T (/home/edujca/.vscode-server/bin/441438abd1ac652551dbe4d408dfcec8a499b8bf/out/vs/workbench/api/node/extensionHostProcess.js:10:12072)
	at f.X (/home/edujca/.vscode-server/bin/441438abd1ac652551dbe4d408dfcec8a499b8bf/out/vs/workbench/api/node/extensionHostProcess.js:108:11242)
	at /home/edujca/.vscode-server/bin/441438abd1ac652551dbe4d408dfcec8a499b8bf/out/vs/workbench/api/node/extensionHostProcess.js:108:9037
	at Array.map (<anonymous>)
	at f.Q (/home/edujca/.vscode-server/bin/441438abd1ac652551dbe4d408dfcec8a499b8bf/out/vs/workbench/api/node/extensionHostProcess.js:108:9024)
	at f.terminate (/home/edujca/.vscode-server/bin/441438abd1ac652551dbe4d408dfcec8a499b8bf/out/vs/workbench/api/node/extensionHostProcess.js:108:9298)
	at h.terminate (/home/edujca/.vscode-server/bin/441438abd1ac652551dbe4d408dfcec8a499b8bf/out/vs/workbench/api/node/extensionHostProcess.js:112:1397)
	at p (/home/edujca/.vscode-server/bin/441438abd1ac652551dbe4d408dfcec8a499b8bf/out/vs/workbench/api/node/extensionHostProcess.js:122:17851)
	at /home/edujca/.vscode-server/bin/441438abd1ac652551dbe4d408dfcec8a499b8bf/out/vs/workbench/api/node/extensionHostProcess.js:122:15761
	at f.invoke (/home/edujca/.vscode-server/bin/441438abd1ac652551dbe4d408dfcec8a499b8bf/out/vs/workbench/api/node/extensionHostProcess.js:63:145)
	at g.deliver (/home/edujca/.vscode-server/bin/441438abd1ac652551dbe4d408dfcec8a499b8bf/out/vs/workbench/api/node/extensionHostProcess.js:63:2029)
	at d.fire (/home/edujca/.vscode-server/bin/441438abd1ac652551dbe4d408dfcec8a499b8bf/out/vs/workbench/api/node/extensionHostProcess.js:63:1667)
	at p.fire (/home/edujca/.vscode-server/bin/441438abd1ac652551dbe4d408dfcec8a499b8bf/out/vs/workbench/api/node/extensionHostProcess.js:72:14861)
	at t.E (/home/edujca/.vscode-server/bin/441438abd1ac652551dbe4d408dfcec8a499b8bf/out/vs/workbench/api/node/extensionHostProcess.js:72:18927)
	at /home/edujca/.vscode-server/bin/441438abd1ac652551dbe4d408dfcec8a499b8bf/out/vs/workbench/api/node/extensionHostProcess.js:72:16915
	at f.invoke (/home/edujca/.vscode-server/bin/441438abd1ac652551dbe4d408dfcec8a499b8bf/out/vs/workbench/api/node/extensionHostProcess.js:63:145)
	at g.deliver (/home/edujca/.vscode-server/bin/441438abd1ac652551dbe4d408dfcec8a499b8bf/out/vs/workbench/api/node/extensionHostProcess.js:63:2029)
	at d.fire (/home/edujca/.vscode-server/bin/441438abd1ac652551dbe4d408dfcec8a499b8bf/out/vs/workbench/api/node/extensionHostProcess.js:63:1667)
	at h.acceptChunk (/home/edujca/.vscode-server/bin/441438abd1ac652551dbe4d408dfcec8a499b8bf/out/vs/workbench/api/node/extensionHostProcess.js:72:12592)
	at /home/edujca/.vscode-server/bin/441438abd1ac652551dbe4d408dfcec8a499b8bf/out/vs/workbench/api/node/extensionHostProcess.js:72:11879
	at f.invoke (/home/edujca/.vscode-server/bin/441438abd1ac652551dbe4d408dfcec8a499b8bf/out/vs/workbench/api/node/extensionHostProcess.js:63:145)
	at g.deliver (/home/edujca/.vscode-server/bin/441438abd1ac652551dbe4d408dfcec8a499b8bf/out/vs/workbench/api/node/extensionHostProcess.js:63:2029)
	at d.fire (/home/edujca/.vscode-server/bin/441438abd1ac652551dbe4d408dfcec8a499b8bf/out/vs/workbench/api/node/extensionHostProcess.js:63:1667)
	at d.t (/home/edujca/.vscode-server/bin/441438abd1ac652551dbe4d408dfcec8a499b8bf/out/vs/workbench/api/node/extensionHostProcess.js:72:28538)
	at d.acceptFrame (/home/edujca/.vscode-server/bin/441438abd1ac652551dbe4d408dfcec8a499b8bf/out/vs/workbench/api/node/extensionHostProcess.js:72:28344)
	at f.l (/home/edujca/.vscode-server/bin/441438abd1ac652551dbe4d408dfcec8a499b8bf/out/vs/workbench/api/node/extensionHostProcess.js:72:27009)
	at /home/edujca/.vscode-server/bin/441438abd1ac652551dbe4d408dfcec8a499b8bf/out/vs/workbench/api/node/extensionHostProcess.js:72:24515
	at Socket.t (/home/edujca/.vscode-server/bin/441438abd1ac652551dbe4d408dfcec8a499b8bf/out/vs/workbench/api/node/extensionHostProcess.js:72:22415)
	at Socket.emit (node:events:526:28)
	at addChunk (node:internal/streams/readable:315:12)
	at readableAddChunk (node:internal/streams/readable:289:9)
	at Socket.Readable.push (node:internal/streams/readable:228:10)
	at TCP.onStreamRead (node:internal/stream_base_commons:190:23) setContext undefined
2023-07-27 22:38:13.904 [error] Canceled: Canceled
	at new u (/home/edujca/.vscode-server/bin/441438abd1ac652551dbe4d408dfcec8a499b8bf/out/vs/workbench/api/node/extensionHostProcess.js:96:88070)
	at l.O (/home/edujca/.vscode-server/bin/441438abd1ac652551dbe4d408dfcec8a499b8bf/out/vs/workbench/api/node/extensionHostProcess.js:106:11276)
	at Proxy.V.<computed>.M.charCodeAt.V.<computed> (/home/edujca/.vscode-server/bin/441438abd1ac652551dbe4d408dfcec8a499b8bf/out/vs/workbench/api/node/extensionHostProcess.js:106:8557)
	at s.g (/home/edujca/.vscode-server/bin/441438abd1ac652551dbe4d408dfcec8a499b8bf/out/vs/workbench/api/node/extensionHostProcess.js:96:107430)
	at s.executeCommand (/home/edujca/.vscode-server/bin/441438abd1ac652551dbe4d408dfcec8a499b8bf/out/vs/workbench/api/node/extensionHostProcess.js:96:106806)
	at w.registerCommand.description (/home/edujca/.vscode-server/bin/441438abd1ac652551dbe4d408dfcec8a499b8bf/out/vs/workbench/api/node/extensionHostProcess.js:96:106099)
	at s.h (/home/edujca/.vscode-server/bin/441438abd1ac652551dbe4d408dfcec8a499b8bf/out/vs/workbench/api/node/extensionHostProcess.js:96:108016)
	at s.g (/home/edujca/.vscode-server/bin/441438abd1ac652551dbe4d408dfcec8a499b8bf/out/vs/workbench/api/node/extensionHostProcess.js:96:106906)
	at s.executeCommand (/home/edujca/.vscode-server/bin/441438abd1ac652551dbe4d408dfcec8a499b8bf/out/vs/workbench/api/node/extensionHostProcess.js:96:106806)
	at Object.executeCommand (/home/edujca/.vscode-server/bin/441438abd1ac652551dbe4d408dfcec8a499b8bf/out/vs/workbench/api/node/extensionHostProcess.js:117:30778)
	at g (/home/edujca/.vscode-server/extensions/eamodio.gitlens-13.5.0/dist/gitlens.js:1:868197)
	at c (/home/edujca/.vscode-server/extensions/eamodio.gitlens-13.5.0/dist/gitlens.js:1:608636)
	at ActionRunners._updateContextKeys (/home/edujca/.vscode-server/extensions/eamodio.gitlens-13.5.0/dist/gitlens.js:1:37504)
	at s (/home/edujca/.vscode-server/extensions/eamodio.gitlens-13.5.0/dist/gitlens.js:1:35923)
	at RegisteredActionRunner.unregister (/home/edujca/.vscode-server/extensions/eamodio.gitlens-13.5.0/dist/gitlens.js:1:36067)
	at RegisteredActionRunner.dispose (/home/edujca/.vscode-server/extensions/eamodio.gitlens-13.5.0/dist/gitlens.js:1:34732)
	at Object.dispose (/home/edujca/.vscode-server/extensions/eamodio.gitlens-13.5.0/dist/gitlens.js:1:36164)
	at T (/home/edujca/.vscode-server/bin/441438abd1ac652551dbe4d408dfcec8a499b8bf/out/vs/workbench/api/node/extensionHostProcess.js:10:12072)
	at f.X (/home/edujca/.vscode-server/bin/441438abd1ac652551dbe4d408dfcec8a499b8bf/out/vs/workbench/api/node/extensionHostProcess.js:108:11242)
	at /home/edujca/.vscode-server/bin/441438abd1ac652551dbe4d408dfcec8a499b8bf/out/vs/workbench/api/node/extensionHostProcess.js:108:9037
	at Array.map (<anonymous>)
	at f.Q (/home/edujca/.vscode-server/bin/441438abd1ac652551dbe4d408dfcec8a499b8bf/out/vs/workbench/api/node/extensionHostProcess.js:108:9024)
	at f.terminate (/home/edujca/.vscode-server/bin/441438abd1ac652551dbe4d408dfcec8a499b8bf/out/vs/workbench/api/node/extensionHostProcess.js:108:9298)
	at h.terminate (/home/edujca/.vscode-server/bin/441438abd1ac652551dbe4d408dfcec8a499b8bf/out/vs/workbench/api/node/extensionHostProcess.js:112:1397)
	at p (/home/edujca/.vscode-server/bin/441438abd1ac652551dbe4d408dfcec8a499b8bf/out/vs/workbench/api/node/extensionHostProcess.js:122:17851)
	at /home/edujca/.vscode-server/bin/441438abd1ac652551dbe4d408dfcec8a499b8bf/out/vs/workbench/api/node/extensionHostProcess.js:122:15761
	at f.invoke (/home/edujca/.vscode-server/bin/441438abd1ac652551dbe4d408dfcec8a499b8bf/out/vs/workbench/api/node/extensionHostProcess.js:63:145)
	at g.deliver (/home/edujca/.vscode-server/bin/441438abd1ac652551dbe4d408dfcec8a499b8bf/out/vs/workbench/api/node/extensionHostProcess.js:63:2029)
	at d.fire (/home/edujca/.vscode-server/bin/441438abd1ac652551dbe4d408dfcec8a499b8bf/out/vs/workbench/api/node/extensionHostProcess.js:63:1667)
	at p.fire (/home/edujca/.vscode-server/bin/441438abd1ac652551dbe4d408dfcec8a499b8bf/out/vs/workbench/api/node/extensionHostProcess.js:72:14861)
	at t.E (/home/edujca/.vscode-server/bin/441438abd1ac652551dbe4d408dfcec8a499b8bf/out/vs/workbench/api/node/extensionHostProcess.js:72:18927)
	at /home/edujca/.vscode-server/bin/441438abd1ac652551dbe4d408dfcec8a499b8bf/out/vs/workbench/api/node/extensionHostProcess.js:72:16915
	at f.invoke (/home/edujca/.vscode-server/bin/441438abd1ac652551dbe4d408dfcec8a499b8bf/out/vs/workbench/api/node/extensionHostProcess.js:63:145)
	at g.deliver (/home/edujca/.vscode-server/bin/441438abd1ac652551dbe4d408dfcec8a499b8bf/out/vs/workbench/api/node/extensionHostProcess.js:63:2029)
	at d.fire (/home/edujca/.vscode-server/bin/441438abd1ac652551dbe4d408dfcec8a499b8bf/out/vs/workbench/api/node/extensionHostProcess.js:63:1667)
	at h.acceptChunk (/home/edujca/.vscode-server/bin/441438abd1ac652551dbe4d408dfcec8a499b8bf/out/vs/workbench/api/node/extensionHostProcess.js:72:12592)
	at /home/edujca/.vscode-server/bin/441438abd1ac652551dbe4d408dfcec8a499b8bf/out/vs/workbench/api/node/extensionHostProcess.js:72:11879
	at f.invoke (/home/edujca/.vscode-server/bin/441438abd1ac652551dbe4d408dfcec8a499b8bf/out/vs/workbench/api/node/extensionHostProcess.js:63:145)
	at g.deliver (/home/edujca/.vscode-server/bin/441438abd1ac652551dbe4d408dfcec8a499b8bf/out/vs/workbench/api/node/extensionHostProcess.js:63:2029)
	at d.fire (/home/edujca/.vscode-server/bin/441438abd1ac652551dbe4d408dfcec8a499b8bf/out/vs/workbench/api/node/extensionHostProcess.js:63:1667)
	at d.t (/home/edujca/.vscode-server/bin/441438abd1ac652551dbe4d408dfcec8a499b8bf/out/vs/workbench/api/node/extensionHostProcess.js:72:28538)
	at d.acceptFrame (/home/edujca/.vscode-server/bin/441438abd1ac652551dbe4d408dfcec8a499b8bf/out/vs/workbench/api/node/extensionHostProcess.js:72:28344)
	at f.l (/home/edujca/.vscode-server/bin/441438abd1ac652551dbe4d408dfcec8a499b8bf/out/vs/workbench/api/node/extensionHostProcess.js:72:27009)
	at /home/edujca/.vscode-server/bin/441438abd1ac652551dbe4d408dfcec8a499b8bf/out/vs/workbench/api/node/extensionHostProcess.js:72:24515
	at Socket.t (/home/edujca/.vscode-server/bin/441438abd1ac652551dbe4d408dfcec8a499b8bf/out/vs/workbench/api/node/extensionHostProcess.js:72:22415)
	at Socket.emit (node:events:526:28)
	at addChunk (node:internal/streams/readable:315:12)
	at readableAddChunk (node:internal/streams/readable:289:9)
	at Socket.Readable.push (node:internal/streams/readable:228:10)
	at TCP.onStreamRead (node:internal/stream_base_commons:190:23) setContext undefined
2023-07-27 22:38:13.904 [error] Canceled: Canceled
	at new u (/home/edujca/.vscode-server/bin/441438abd1ac652551dbe4d408dfcec8a499b8bf/out/vs/workbench/api/node/extensionHostProcess.js:96:88070)
	at l.O (/home/edujca/.vscode-server/bin/441438abd1ac652551dbe4d408dfcec8a499b8bf/out/vs/workbench/api/node/extensionHostProcess.js:106:11276)
	at Proxy.V.<computed>.M.charCodeAt.V.<computed> (/home/edujca/.vscode-server/bin/441438abd1ac652551dbe4d408dfcec8a499b8bf/out/vs/workbench/api/node/extensionHostProcess.js:106:8557)
	at s.g (/home/edujca/.vscode-server/bin/441438abd1ac652551dbe4d408dfcec8a499b8bf/out/vs/workbench/api/node/extensionHostProcess.js:96:107430)
	at s.executeCommand (/home/edujca/.vscode-server/bin/441438abd1ac652551dbe4d408dfcec8a499b8bf/out/vs/workbench/api/node/extensionHostProcess.js:96:106806)
	at w.registerCommand.description (/home/edujca/.vscode-server/bin/441438abd1ac652551dbe4d408dfcec8a499b8bf/out/vs/workbench/api/node/extensionHostProcess.js:96:106099)
	at s.h (/home/edujca/.vscode-server/bin/441438abd1ac652551dbe4d408dfcec8a499b8bf/out/vs/workbench/api/node/extensionHostProcess.js:96:108016)
	at s.g (/home/edujca/.vscode-server/bin/441438abd1ac652551dbe4d408dfcec8a499b8bf/out/vs/workbench/api/node/extensionHostProcess.js:96:106906)
	at s.executeCommand (/home/edujca/.vscode-server/bin/441438abd1ac652551dbe4d408dfcec8a499b8bf/out/vs/workbench/api/node/extensionHostProcess.js:96:106806)
	at Object.executeCommand (/home/edujca/.vscode-server/bin/441438abd1ac652551dbe4d408dfcec8a499b8bf/out/vs/workbench/api/node/extensionHostProcess.js:117:30778)
	at g (/home/edujca/.vscode-server/extensions/eamodio.gitlens-13.5.0/dist/gitlens.js:1:868197)
	at c (/home/edujca/.vscode-server/extensions/eamodio.gitlens-13.5.0/dist/gitlens.js:1:608636)
	at ActionRunners._updateContextKeys (/home/edujca/.vscode-server/extensions/eamodio.gitlens-13.5.0/dist/gitlens.js:1:37504)
	at s (/home/edujca/.vscode-server/extensions/eamodio.gitlens-13.5.0/dist/gitlens.js:1:35923)
	at RegisteredActionRunner.unregister (/home/edujca/.vscode-server/extensions/eamodio.gitlens-13.5.0/dist/gitlens.js:1:36067)
	at RegisteredActionRunner.dispose (/home/edujca/.vscode-server/extensions/eamodio.gitlens-13.5.0/dist/gitlens.js:1:34732)
	at Object.dispose (/home/edujca/.vscode-server/extensions/eamodio.gitlens-13.5.0/dist/gitlens.js:1:36164)
	at T (/home/edujca/.vscode-server/bin/441438abd1ac652551dbe4d408dfcec8a499b8bf/out/vs/workbench/api/node/extensionHostProcess.js:10:12072)
	at f.X (/home/edujca/.vscode-server/bin/441438abd1ac652551dbe4d408dfcec8a499b8bf/out/vs/workbench/api/node/extensionHostProcess.js:108:11242)
	at /home/edujca/.vscode-server/bin/441438abd1ac652551dbe4d408dfcec8a499b8bf/out/vs/workbench/api/node/extensionHostProcess.js:108:9037
	at Array.map (<anonymous>)
	at f.Q (/home/edujca/.vscode-server/bin/441438abd1ac652551dbe4d408dfcec8a499b8bf/out/vs/workbench/api/node/extensionHostProcess.js:108:9024)
	at f.terminate (/home/edujca/.vscode-server/bin/441438abd1ac652551dbe4d408dfcec8a499b8bf/out/vs/workbench/api/node/extensionHostProcess.js:108:9298)
	at h.terminate (/home/edujca/.vscode-server/bin/441438abd1ac652551dbe4d408dfcec8a499b8bf/out/vs/workbench/api/node/extensionHostProcess.js:112:1397)
	at p (/home/edujca/.vscode-server/bin/441438abd1ac652551dbe4d408dfcec8a499b8bf/out/vs/workbench/api/node/extensionHostProcess.js:122:17851)
	at /home/edujca/.vscode-server/bin/441438abd1ac652551dbe4d408dfcec8a499b8bf/out/vs/workbench/api/node/extensionHostProcess.js:122:15761
	at f.invoke (/home/edujca/.vscode-server/bin/441438abd1ac652551dbe4d408dfcec8a499b8bf/out/vs/workbench/api/node/extensionHostProcess.js:63:145)
	at g.deliver (/home/edujca/.vscode-server/bin/441438abd1ac652551dbe4d408dfcec8a499b8bf/out/vs/workbench/api/node/extensionHostProcess.js:63:2029)
	at d.fire (/home/edujca/.vscode-server/bin/441438abd1ac652551dbe4d408dfcec8a499b8bf/out/vs/workbench/api/node/extensionHostProcess.js:63:1667)
	at p.fire (/home/edujca/.vscode-server/bin/441438abd1ac652551dbe4d408dfcec8a499b8bf/out/vs/workbench/api/node/extensionHostProcess.js:72:14861)
	at t.E (/home/edujca/.vscode-server/bin/441438abd1ac652551dbe4d408dfcec8a499b8bf/out/vs/workbench/api/node/extensionHostProcess.js:72:18927)
	at /home/edujca/.vscode-server/bin/441438abd1ac652551dbe4d408dfcec8a499b8bf/out/vs/workbench/api/node/extensionHostProcess.js:72:16915
	at f.invoke (/home/edujca/.vscode-server/bin/441438abd1ac652551dbe4d408dfcec8a499b8bf/out/vs/workbench/api/node/extensionHostProcess.js:63:145)
	at g.deliver (/home/edujca/.vscode-server/bin/441438abd1ac652551dbe4d408dfcec8a499b8bf/out/vs/workbench/api/node/extensionHostProcess.js:63:2029)
	at d.fire (/home/edujca/.vscode-server/bin/441438abd1ac652551dbe4d408dfcec8a499b8bf/out/vs/workbench/api/node/extensionHostProcess.js:63:1667)
	at h.acceptChunk (/home/edujca/.vscode-server/bin/441438abd1ac652551dbe4d408dfcec8a499b8bf/out/vs/workbench/api/node/extensionHostProcess.js:72:12592)
	at /home/edujca/.vscode-server/bin/441438abd1ac652551dbe4d408dfcec8a499b8bf/out/vs/workbench/api/node/extensionHostProcess.js:72:11879
	at f.invoke (/home/edujca/.vscode-server/bin/441438abd1ac652551dbe4d408dfcec8a499b8bf/out/vs/workbench/api/node/extensionHostProcess.js:63:145)
	at g.deliver (/home/edujca/.vscode-server/bin/441438abd1ac652551dbe4d408dfcec8a499b8bf/out/vs/workbench/api/node/extensionHostProcess.js:63:2029)
	at d.fire (/home/edujca/.vscode-server/bin/441438abd1ac652551dbe4d408dfcec8a499b8bf/out/vs/workbench/api/node/extensionHostProcess.js:63:1667)
	at d.t (/home/edujca/.vscode-server/bin/441438abd1ac652551dbe4d408dfcec8a499b8bf/out/vs/workbench/api/node/extensionHostProcess.js:72:28538)
	at d.acceptFrame (/home/edujca/.vscode-server/bin/441438abd1ac652551dbe4d408dfcec8a499b8bf/out/vs/workbench/api/node/extensionHostProcess.js:72:28344)
	at f.l (/home/edujca/.vscode-server/bin/441438abd1ac652551dbe4d408dfcec8a499b8bf/out/vs/workbench/api/node/extensionHostProcess.js:72:27009)
	at /home/edujca/.vscode-server/bin/441438abd1ac652551dbe4d408dfcec8a499b8bf/out/vs/workbench/api/node/extensionHostProcess.js:72:24515
	at Socket.t (/home/edujca/.vscode-server/bin/441438abd1ac652551dbe4d408dfcec8a499b8bf/out/vs/workbench/api/node/extensionHostProcess.js:72:22415)
	at Socket.emit (node:events:526:28)
	at addChunk (node:internal/streams/readable:315:12)
	at readableAddChunk (node:internal/streams/readable:289:9)
	at Socket.Readable.push (node:internal/streams/readable:228:10)
	at TCP.onStreamRead (node:internal/stream_base_commons:190:23) setContext undefined
2023-07-27 22:38:13.905 [info] Extension host with pid 505 exiting with code 0
